[2019-11-13 11:23:10] local.ERROR: No Database connection yet in VoyagerServiceProvider loadAuth()  
[2019-11-13 11:23:10] local.ERROR: SQLSTATE[HY000] [1045] Access denied for user 'root'@'localhost' (using password: NO) {"exception":"[object] (Doctrine\\DBAL\\Driver\\PDOException(code: 1045): SQLSTATE[HY000] [1045] Access denied for user 'root'@'localhost' (using password: NO) at /Users/daaef/Projects/todos-app/vendor/doctrine/dbal/lib/Doctrine/DBAL/Driver/PDOConnection.php:31, PDOException(code: 1045): SQLSTATE[HY000] [1045] Access denied for user 'root'@'localhost' (using password: NO) at /Users/daaef/Projects/todos-app/vendor/doctrine/dbal/lib/Doctrine/DBAL/Driver/PDOConnection.php:27)
[stacktrace]
#0 /Users/daaef/Projects/todos-app/vendor/laravel/framework/src/Illuminate/Database/Connectors/Connector.php(67): Doctrine\\DBAL\\Driver\\PDOConnection->__construct('mysql:host=127....', 'root', '', Array)
#1 /Users/daaef/Projects/todos-app/vendor/laravel/framework/src/Illuminate/Database/Connectors/Connector.php(46): Illuminate\\Database\\Connectors\\Connector->createPdoConnection('mysql:host=127....', 'root', '', Array)
#2 /Users/daaef/Projects/todos-app/vendor/laravel/framework/src/Illuminate/Database/Connectors/MySqlConnector.php(24): Illuminate\\Database\\Connectors\\Connector->createConnection('mysql:host=127....', Array, Array)
#3 /Users/daaef/Projects/todos-app/vendor/laravel/framework/src/Illuminate/Database/Connectors/ConnectionFactory.php(182): Illuminate\\Database\\Connectors\\MySqlConnector->connect(Array)
#4 [internal function]: Illuminate\\Database\\Connectors\\ConnectionFactory->Illuminate\\Database\\Connectors\\{closure}()
#5 /Users/daaef/Projects/todos-app/vendor/laravel/framework/src/Illuminate/Database/Connection.php(918): call_user_func(Object(Closure))
#6 /Users/daaef/Projects/todos-app/vendor/laravel/framework/src/Illuminate/Database/Connection.php(901): Illuminate\\Database\\Connection->getPdo()
#7 /Users/daaef/Projects/todos-app/vendor/larapack/doctrine-support/src/DoctrineSupportServiceProvider.php(55): Illuminate\\Database\\Connection->getDoctrineConnection()
#8 /Users/daaef/Projects/todos-app/vendor/larapack/doctrine-support/src/DoctrineSupportServiceProvider.php(35): Larapack\\DoctrineSupport\\DoctrineSupportServiceProvider->addDoctrineTypes(Object(Larapack\\DoctrineSupport\\Connections\\MySqlConnection))
#9 /Users/daaef/Projects/todos-app/vendor/laravel/framework/src/Illuminate/Database/Connectors/ConnectionFactory.php(269): Larapack\\DoctrineSupport\\DoctrineSupportServiceProvider->Larapack\\DoctrineSupport\\{closure}(Object(Larapack\\DoctrineSupport\\Connections\\MySqlConnection), 'todoapp', '', Array)
#10 /Users/daaef/Projects/todos-app/vendor/laravel/framework/src/Illuminate/Database/Connectors/ConnectionFactory.php(76): Illuminate\\Database\\Connectors\\ConnectionFactory->createConnection('mysql', Object(Closure), 'todoapp', '', Array)
#11 /Users/daaef/Projects/todos-app/vendor/laravel/framework/src/Illuminate/Database/Connectors/ConnectionFactory.php(50): Illuminate\\Database\\Connectors\\ConnectionFactory->createSingleConnection(Array)
#12 /Users/daaef/Projects/todos-app/vendor/laravel/framework/src/Illuminate/Database/DatabaseManager.php(119): Illuminate\\Database\\Connectors\\ConnectionFactory->make(Array, 'mysql')
#13 /Users/daaef/Projects/todos-app/vendor/laravel/framework/src/Illuminate/Database/DatabaseManager.php(74): Illuminate\\Database\\DatabaseManager->makeConnection('mysql')
#14 /Users/daaef/Projects/todos-app/vendor/laravel/framework/src/Illuminate/Support/Facades/Schema.php(34): Illuminate\\Database\\DatabaseManager->connection()
#15 /Users/daaef/Projects/todos-app/vendor/laravel/framework/src/Illuminate/Support/Facades/Facade.php(144): Illuminate\\Support\\Facades\\Schema::getFacadeAccessor()
#16 /Users/daaef/Projects/todos-app/vendor/laravel/framework/src/Illuminate/Support/Facades/Facade.php(231): Illuminate\\Support\\Facades\\Facade::getFacadeRoot()
#17 /Users/daaef/Projects/todos-app/app/Providers/AppServiceProvider.php(17): Illuminate\\Support\\Facades\\Facade::__callStatic('defaultStringLe...', Array)
#18 [internal function]: App\\Providers\\AppServiceProvider->boot()
#19 /Users/daaef/Projects/todos-app/vendor/laravel/framework/src/Illuminate/Container/BoundMethod.php(29): call_user_func_array(Array, Array)
#20 /Users/daaef/Projects/todos-app/vendor/laravel/framework/src/Illuminate/Container/BoundMethod.php(87): Illuminate\\Container\\BoundMethod::Illuminate\\Container\\{closure}()
#21 /Users/daaef/Projects/todos-app/vendor/laravel/framework/src/Illuminate/Container/BoundMethod.php(31): Illuminate\\Container\\BoundMethod::callBoundMethod(Object(Illuminate\\Foundation\\Application), Array, Object(Closure))
#22 /Users/daaef/Projects/todos-app/vendor/laravel/framework/src/Illuminate/Container/Container.php(572): Illuminate\\Container\\BoundMethod::call(Object(Illuminate\\Foundation\\Application), Array, Array, NULL)
#23 /Users/daaef/Projects/todos-app/vendor/laravel/framework/src/Illuminate/Foundation/Application.php(819): Illuminate\\Container\\Container->call(Array)
#24 /Users/daaef/Projects/todos-app/vendor/laravel/framework/src/Illuminate/Foundation/Application.php(802): Illuminate\\Foundation\\Application->bootProvider(Object(App\\Providers\\AppServiceProvider))
#25 [internal function]: Illuminate\\Foundation\\Application->Illuminate\\Foundation\\{closure}(Object(App\\Providers\\AppServiceProvider), 27)
#26 /Users/daaef/Projects/todos-app/vendor/laravel/framework/src/Illuminate/Foundation/Application.php(803): array_walk(Array, Object(Closure))
#27 /Users/daaef/Projects/todos-app/vendor/laravel/framework/src/Illuminate/Foundation/Bootstrap/BootProviders.php(17): Illuminate\\Foundation\\Application->boot()
#28 /Users/daaef/Projects/todos-app/vendor/laravel/framework/src/Illuminate/Foundation/Application.php(211): Illuminate\\Foundation\\Bootstrap\\BootProviders->bootstrap(Object(Illuminate\\Foundation\\Application))
#29 /Users/daaef/Projects/todos-app/vendor/laravel/framework/src/Illuminate/Foundation/Http/Kernel.php(162): Illuminate\\Foundation\\Application->bootstrapWith(Array)
#30 /Users/daaef/Projects/todos-app/vendor/laravel/framework/src/Illuminate/Foundation/Http/Kernel.php(146): Illuminate\\Foundation\\Http\\Kernel->bootstrap()
#31 /Users/daaef/Projects/todos-app/vendor/laravel/framework/src/Illuminate/Foundation/Http/Kernel.php(116): Illuminate\\Foundation\\Http\\Kernel->sendRequestThroughRouter(Object(Illuminate\\Http\\Request))
#32 /Users/daaef/Projects/todos-app/public/index.php(55): Illuminate\\Foundation\\Http\\Kernel->handle(Object(Illuminate\\Http\\Request))
#33 /Users/daaef/.composer/vendor/laravel/valet/server.php(158): require('/Users/daaef/Pr...')
#34 {main}
"} 
[2019-11-13 11:23:22] local.ERROR: No Database connection yet in VoyagerServiceProvider loadAuth()  
[2019-11-13 11:23:22] local.ERROR: SQLSTATE[HY000] [1045] Access denied for user 'root'@'localhost' (using password: NO) {"exception":"[object] (Doctrine\\DBAL\\Driver\\PDOException(code: 1045): SQLSTATE[HY000] [1045] Access denied for user 'root'@'localhost' (using password: NO) at /Users/daaef/Projects/todos-app/vendor/doctrine/dbal/lib/Doctrine/DBAL/Driver/PDOConnection.php:31, PDOException(code: 1045): SQLSTATE[HY000] [1045] Access denied for user 'root'@'localhost' (using password: NO) at /Users/daaef/Projects/todos-app/vendor/doctrine/dbal/lib/Doctrine/DBAL/Driver/PDOConnection.php:27)
[stacktrace]
#0 /Users/daaef/Projects/todos-app/vendor/laravel/framework/src/Illuminate/Database/Connectors/Connector.php(67): Doctrine\\DBAL\\Driver\\PDOConnection->__construct('mysql:host=127....', 'root', '', Array)
#1 /Users/daaef/Projects/todos-app/vendor/laravel/framework/src/Illuminate/Database/Connectors/Connector.php(46): Illuminate\\Database\\Connectors\\Connector->createPdoConnection('mysql:host=127....', 'root', '', Array)
#2 /Users/daaef/Projects/todos-app/vendor/laravel/framework/src/Illuminate/Database/Connectors/MySqlConnector.php(24): Illuminate\\Database\\Connectors\\Connector->createConnection('mysql:host=127....', Array, Array)
#3 /Users/daaef/Projects/todos-app/vendor/laravel/framework/src/Illuminate/Database/Connectors/ConnectionFactory.php(182): Illuminate\\Database\\Connectors\\MySqlConnector->connect(Array)
#4 [internal function]: Illuminate\\Database\\Connectors\\ConnectionFactory->Illuminate\\Database\\Connectors\\{closure}()
#5 /Users/daaef/Projects/todos-app/vendor/laravel/framework/src/Illuminate/Database/Connection.php(918): call_user_func(Object(Closure))
#6 /Users/daaef/Projects/todos-app/vendor/laravel/framework/src/Illuminate/Database/Connection.php(901): Illuminate\\Database\\Connection->getPdo()
#7 /Users/daaef/Projects/todos-app/vendor/larapack/doctrine-support/src/DoctrineSupportServiceProvider.php(55): Illuminate\\Database\\Connection->getDoctrineConnection()
#8 /Users/daaef/Projects/todos-app/vendor/larapack/doctrine-support/src/DoctrineSupportServiceProvider.php(35): Larapack\\DoctrineSupport\\DoctrineSupportServiceProvider->addDoctrineTypes(Object(Larapack\\DoctrineSupport\\Connections\\MySqlConnection))
#9 /Users/daaef/Projects/todos-app/vendor/laravel/framework/src/Illuminate/Database/Connectors/ConnectionFactory.php(269): Larapack\\DoctrineSupport\\DoctrineSupportServiceProvider->Larapack\\DoctrineSupport\\{closure}(Object(Larapack\\DoctrineSupport\\Connections\\MySqlConnection), 'todoapp', '', Array)
#10 /Users/daaef/Projects/todos-app/vendor/laravel/framework/src/Illuminate/Database/Connectors/ConnectionFactory.php(76): Illuminate\\Database\\Connectors\\ConnectionFactory->createConnection('mysql', Object(Closure), 'todoapp', '', Array)
#11 /Users/daaef/Projects/todos-app/vendor/laravel/framework/src/Illuminate/Database/Connectors/ConnectionFactory.php(50): Illuminate\\Database\\Connectors\\ConnectionFactory->createSingleConnection(Array)
#12 /Users/daaef/Projects/todos-app/vendor/laravel/framework/src/Illuminate/Database/DatabaseManager.php(119): Illuminate\\Database\\Connectors\\ConnectionFactory->make(Array, 'mysql')
#13 /Users/daaef/Projects/todos-app/vendor/laravel/framework/src/Illuminate/Database/DatabaseManager.php(74): Illuminate\\Database\\DatabaseManager->makeConnection('mysql')
#14 /Users/daaef/Projects/todos-app/vendor/laravel/framework/src/Illuminate/Support/Facades/Schema.php(34): Illuminate\\Database\\DatabaseManager->connection()
#15 /Users/daaef/Projects/todos-app/vendor/laravel/framework/src/Illuminate/Support/Facades/Facade.php(144): Illuminate\\Support\\Facades\\Schema::getFacadeAccessor()
#16 /Users/daaef/Projects/todos-app/vendor/laravel/framework/src/Illuminate/Support/Facades/Facade.php(231): Illuminate\\Support\\Facades\\Facade::getFacadeRoot()
#17 /Users/daaef/Projects/todos-app/app/Providers/AppServiceProvider.php(17): Illuminate\\Support\\Facades\\Facade::__callStatic('defaultStringLe...', Array)
#18 [internal function]: App\\Providers\\AppServiceProvider->boot()
#19 /Users/daaef/Projects/todos-app/vendor/laravel/framework/src/Illuminate/Container/BoundMethod.php(29): call_user_func_array(Array, Array)
#20 /Users/daaef/Projects/todos-app/vendor/laravel/framework/src/Illuminate/Container/BoundMethod.php(87): Illuminate\\Container\\BoundMethod::Illuminate\\Container\\{closure}()
#21 /Users/daaef/Projects/todos-app/vendor/laravel/framework/src/Illuminate/Container/BoundMethod.php(31): Illuminate\\Container\\BoundMethod::callBoundMethod(Object(Illuminate\\Foundation\\Application), Array, Object(Closure))
#22 /Users/daaef/Projects/todos-app/vendor/laravel/framework/src/Illuminate/Container/Container.php(572): Illuminate\\Container\\BoundMethod::call(Object(Illuminate\\Foundation\\Application), Array, Array, NULL)
#23 /Users/daaef/Projects/todos-app/vendor/laravel/framework/src/Illuminate/Foundation/Application.php(819): Illuminate\\Container\\Container->call(Array)
#24 /Users/daaef/Projects/todos-app/vendor/laravel/framework/src/Illuminate/Foundation/Application.php(802): Illuminate\\Foundation\\Application->bootProvider(Object(App\\Providers\\AppServiceProvider))
#25 [internal function]: Illuminate\\Foundation\\Application->Illuminate\\Foundation\\{closure}(Object(App\\Providers\\AppServiceProvider), 27)
#26 /Users/daaef/Projects/todos-app/vendor/laravel/framework/src/Illuminate/Foundation/Application.php(803): array_walk(Array, Object(Closure))
#27 /Users/daaef/Projects/todos-app/vendor/laravel/framework/src/Illuminate/Foundation/Bootstrap/BootProviders.php(17): Illuminate\\Foundation\\Application->boot()
#28 /Users/daaef/Projects/todos-app/vendor/laravel/framework/src/Illuminate/Foundation/Application.php(211): Illuminate\\Foundation\\Bootstrap\\BootProviders->bootstrap(Object(Illuminate\\Foundation\\Application))
#29 /Users/daaef/Projects/todos-app/vendor/laravel/framework/src/Illuminate/Foundation/Http/Kernel.php(162): Illuminate\\Foundation\\Application->bootstrapWith(Array)
#30 /Users/daaef/Projects/todos-app/vendor/laravel/framework/src/Illuminate/Foundation/Http/Kernel.php(146): Illuminate\\Foundation\\Http\\Kernel->bootstrap()
#31 /Users/daaef/Projects/todos-app/vendor/laravel/framework/src/Illuminate/Foundation/Http/Kernel.php(116): Illuminate\\Foundation\\Http\\Kernel->sendRequestThroughRouter(Object(Illuminate\\Http\\Request))
#32 /Users/daaef/Projects/todos-app/public/index.php(55): Illuminate\\Foundation\\Http\\Kernel->handle(Object(Illuminate\\Http\\Request))
#33 /Users/daaef/.composer/vendor/laravel/valet/server.php(158): require('/Users/daaef/Pr...')
#34 {main}
"} 
[2019-11-13 11:24:32] local.ERROR: No Database connection yet in VoyagerServiceProvider loadAuth()  
[2019-11-13 11:24:32] local.ERROR: SQLSTATE[HY000] [1045] Access denied for user 'root'@'localhost' (using password: NO) {"exception":"[object] (Doctrine\\DBAL\\Driver\\PDOException(code: 1045): SQLSTATE[HY000] [1045] Access denied for user 'root'@'localhost' (using password: NO) at /Users/daaef/Projects/todos-app/vendor/doctrine/dbal/lib/Doctrine/DBAL/Driver/PDOConnection.php:31, PDOException(code: 1045): SQLSTATE[HY000] [1045] Access denied for user 'root'@'localhost' (using password: NO) at /Users/daaef/Projects/todos-app/vendor/doctrine/dbal/lib/Doctrine/DBAL/Driver/PDOConnection.php:27)
[stacktrace]
#0 /Users/daaef/Projects/todos-app/vendor/laravel/framework/src/Illuminate/Database/Connectors/Connector.php(67): Doctrine\\DBAL\\Driver\\PDOConnection->__construct('mysql:host=127....', 'root', '', Array)
#1 /Users/daaef/Projects/todos-app/vendor/laravel/framework/src/Illuminate/Database/Connectors/Connector.php(46): Illuminate\\Database\\Connectors\\Connector->createPdoConnection('mysql:host=127....', 'root', '', Array)
#2 /Users/daaef/Projects/todos-app/vendor/laravel/framework/src/Illuminate/Database/Connectors/MySqlConnector.php(24): Illuminate\\Database\\Connectors\\Connector->createConnection('mysql:host=127....', Array, Array)
#3 /Users/daaef/Projects/todos-app/vendor/laravel/framework/src/Illuminate/Database/Connectors/ConnectionFactory.php(182): Illuminate\\Database\\Connectors\\MySqlConnector->connect(Array)
#4 [internal function]: Illuminate\\Database\\Connectors\\ConnectionFactory->Illuminate\\Database\\Connectors\\{closure}()
#5 /Users/daaef/Projects/todos-app/vendor/laravel/framework/src/Illuminate/Database/Connection.php(918): call_user_func(Object(Closure))
#6 /Users/daaef/Projects/todos-app/vendor/laravel/framework/src/Illuminate/Database/Connection.php(901): Illuminate\\Database\\Connection->getPdo()
#7 /Users/daaef/Projects/todos-app/vendor/larapack/doctrine-support/src/DoctrineSupportServiceProvider.php(55): Illuminate\\Database\\Connection->getDoctrineConnection()
#8 /Users/daaef/Projects/todos-app/vendor/larapack/doctrine-support/src/DoctrineSupportServiceProvider.php(35): Larapack\\DoctrineSupport\\DoctrineSupportServiceProvider->addDoctrineTypes(Object(Larapack\\DoctrineSupport\\Connections\\MySqlConnection))
#9 /Users/daaef/Projects/todos-app/vendor/laravel/framework/src/Illuminate/Database/Connectors/ConnectionFactory.php(269): Larapack\\DoctrineSupport\\DoctrineSupportServiceProvider->Larapack\\DoctrineSupport\\{closure}(Object(Larapack\\DoctrineSupport\\Connections\\MySqlConnection), 'todoapp', '', Array)
#10 /Users/daaef/Projects/todos-app/vendor/laravel/framework/src/Illuminate/Database/Connectors/ConnectionFactory.php(76): Illuminate\\Database\\Connectors\\ConnectionFactory->createConnection('mysql', Object(Closure), 'todoapp', '', Array)
#11 /Users/daaef/Projects/todos-app/vendor/laravel/framework/src/Illuminate/Database/Connectors/ConnectionFactory.php(50): Illuminate\\Database\\Connectors\\ConnectionFactory->createSingleConnection(Array)
#12 /Users/daaef/Projects/todos-app/vendor/laravel/framework/src/Illuminate/Database/DatabaseManager.php(119): Illuminate\\Database\\Connectors\\ConnectionFactory->make(Array, 'mysql')
#13 /Users/daaef/Projects/todos-app/vendor/laravel/framework/src/Illuminate/Database/DatabaseManager.php(74): Illuminate\\Database\\DatabaseManager->makeConnection('mysql')
#14 /Users/daaef/Projects/todos-app/vendor/laravel/framework/src/Illuminate/Support/Facades/Schema.php(34): Illuminate\\Database\\DatabaseManager->connection()
#15 /Users/daaef/Projects/todos-app/vendor/laravel/framework/src/Illuminate/Support/Facades/Facade.php(144): Illuminate\\Support\\Facades\\Schema::getFacadeAccessor()
#16 /Users/daaef/Projects/todos-app/vendor/laravel/framework/src/Illuminate/Support/Facades/Facade.php(231): Illuminate\\Support\\Facades\\Facade::getFacadeRoot()
#17 /Users/daaef/Projects/todos-app/app/Providers/AppServiceProvider.php(17): Illuminate\\Support\\Facades\\Facade::__callStatic('defaultStringLe...', Array)
#18 [internal function]: App\\Providers\\AppServiceProvider->boot()
#19 /Users/daaef/Projects/todos-app/vendor/laravel/framework/src/Illuminate/Container/BoundMethod.php(29): call_user_func_array(Array, Array)
#20 /Users/daaef/Projects/todos-app/vendor/laravel/framework/src/Illuminate/Container/BoundMethod.php(87): Illuminate\\Container\\BoundMethod::Illuminate\\Container\\{closure}()
#21 /Users/daaef/Projects/todos-app/vendor/laravel/framework/src/Illuminate/Container/BoundMethod.php(31): Illuminate\\Container\\BoundMethod::callBoundMethod(Object(Illuminate\\Foundation\\Application), Array, Object(Closure))
#22 /Users/daaef/Projects/todos-app/vendor/laravel/framework/src/Illuminate/Container/Container.php(572): Illuminate\\Container\\BoundMethod::call(Object(Illuminate\\Foundation\\Application), Array, Array, NULL)
#23 /Users/daaef/Projects/todos-app/vendor/laravel/framework/src/Illuminate/Foundation/Application.php(819): Illuminate\\Container\\Container->call(Array)
#24 /Users/daaef/Projects/todos-app/vendor/laravel/framework/src/Illuminate/Foundation/Application.php(802): Illuminate\\Foundation\\Application->bootProvider(Object(App\\Providers\\AppServiceProvider))
#25 [internal function]: Illuminate\\Foundation\\Application->Illuminate\\Foundation\\{closure}(Object(App\\Providers\\AppServiceProvider), 27)
#26 /Users/daaef/Projects/todos-app/vendor/laravel/framework/src/Illuminate/Foundation/Application.php(803): array_walk(Array, Object(Closure))
#27 /Users/daaef/Projects/todos-app/vendor/laravel/framework/src/Illuminate/Foundation/Bootstrap/BootProviders.php(17): Illuminate\\Foundation\\Application->boot()
#28 /Users/daaef/Projects/todos-app/vendor/laravel/framework/src/Illuminate/Foundation/Application.php(211): Illuminate\\Foundation\\Bootstrap\\BootProviders->bootstrap(Object(Illuminate\\Foundation\\Application))
#29 /Users/daaef/Projects/todos-app/vendor/laravel/framework/src/Illuminate/Foundation/Http/Kernel.php(162): Illuminate\\Foundation\\Application->bootstrapWith(Array)
#30 /Users/daaef/Projects/todos-app/vendor/laravel/framework/src/Illuminate/Foundation/Http/Kernel.php(146): Illuminate\\Foundation\\Http\\Kernel->bootstrap()
#31 /Users/daaef/Projects/todos-app/vendor/laravel/framework/src/Illuminate/Foundation/Http/Kernel.php(116): Illuminate\\Foundation\\Http\\Kernel->sendRequestThroughRouter(Object(Illuminate\\Http\\Request))
#32 /Users/daaef/Projects/todos-app/public/index.php(55): Illuminate\\Foundation\\Http\\Kernel->handle(Object(Illuminate\\Http\\Request))
#33 /Users/daaef/.composer/vendor/laravel/valet/server.php(158): require('/Users/daaef/Pr...')
#34 {main}
"} 
